<?xml version="1.0" encoding="UTF-8"?>
<!-- Generated by org.testng.reporters.JUnitReportReporter -->
<testsuite hostname="DESKTOP-UKH5HD9" failures="0" tests="2" name="tests.TreatmentPlansTestCase1" time="23.476" errors="0" timestamp="2024-01-15T18:22:19 IST" skipped="0">
  <testcase classname="tests.TreatmentPlansTestCase1" name="checkOnWorkDonePageAfterTreatmentStart" time="13.031"/>
  <testcase classname="tests.TreatmentPlansTestCase1" name="verifyDeleteInTreatmentList" time="10.445"/>
</testsuite> <!-- tests.TreatmentPlansTestCase1 -->
