<?xml version="1.0" encoding="UTF-8"?>
<!-- Generated by org.testng.reporters.JUnitReportReporter -->
<testsuite hostname="DESKTOP-UKH5HD9" failures="0" tests="3" name="tests.TreatmentPlansTestCase2" time="151.822" errors="0" timestamp="2024-01-06T16:31:14 IST" skipped="0">
  <testcase classname="tests.TreatmentPlansTestCase2" name="functionalityOfStartBtn" time="69.060">
    <system-out>
      <![CDATA[There are no Appointment.]]>
    </system-out>
  </testcase> <!-- functionalityOfStartBtn -->
  <testcase classname="tests.TreatmentPlansTestCase2" name="functionalityOfDiscount" time="45.908"/>
  <testcase classname="tests.TreatmentPlansTestCase2" name="functionalityOfCopyBtn" time="36.854"/>
  <system-out>
    <![CDATA[There are no Appointment.]]>
  </system-out>
</testsuite> <!-- tests.TreatmentPlansTestCase2 -->
