<?xml version="1.0" encoding="UTF-8"?>
<!-- Generated by org.testng.reporters.JUnitReportReporter -->
<testsuite hostname="DESKTOP-UKH5HD9" failures="0" tests="1" name="tests.FileTestCase" time="54.948" errors="0" timestamp="2024-01-08T18:11:19 IST" skipped="0">
  <testcase classname="tests.FileTestCase" name="resetCancelFunctionality" time="54.948"/>
</testsuite> <!-- tests.FileTestCase -->
