<?xml version="1.0" encoding="UTF-8"?>
<!-- Generated by org.testng.reporters.JUnitReportReporter -->
<testsuite hostname="MSI" failures="0" tests="1" name="tests.PatientRegistrationTestCase" time="45.640" errors="0" timestamp="12 Jan 2024 05:19:01 GMT" skipped="0">
  <testcase classname="tests.PatientRegistrationTestCase" name="createNewPatient" time="45.640"/>
</testsuite> <!-- tests.PatientRegistrationTestCase -->
