<?xml version="1.0" encoding="UTF-8"?>
<!-- Generated by org.testng.reporters.JUnitReportReporter -->
<testsuite hostname="IS-LIP3-SK" failures="0" tests="1" name="tests.SubscriberListingTestCase" time="14.927" errors="0" timestamp="2024-01-03T18:19:25 IST" skipped="0">
  <testcase classname="tests.SubscriberListingTestCase" name="subscriberAddPage" time="14.927"/>
</testsuite> <!-- tests.SubscriberListingTestCase -->
