<?xml version="1.0" encoding="UTF-8"?>
<!-- Generated by org.testng.reporters.JUnitReportReporter -->
<testsuite hostname="IS-LIP3-SK" failures="0" tests="2" name="tests.CampSubscriberTestCase" time="25.045" errors="0" timestamp="2024-01-12T13:19:59 IST" skipped="0">
  <testcase classname="tests.CampSubscriberTestCase" name="campSubsAddPage" time="15.715"/>
  <testcase classname="tests.CampSubscriberTestCase" name="newSubscriber" time="9.330"/>
</testsuite> <!-- tests.CampSubscriberTestCase -->
