<?xml version="1.0" encoding="UTF-8"?>
<!-- Generated by org.testng.reporters.JUnitReportReporter -->
<testsuite hostname="MSI" failures="0" tests="1" name="tests.LabWorkOrderListingTestCase1" time="213.501" errors="0" timestamp="09 Jan 2024 18:12:33 GMT" skipped="0">
  <testcase classname="tests.LabWorkOrderListingTestCase1" name="CompleteAboveReTreatTrtAndCheckLWOStatus" time="213.501"/>
</testsuite> <!-- tests.LabWorkOrderListingTestCase1 -->
