<?xml version="1.0" encoding="UTF-8"?>
<!-- Generated by org.testng.reporters.JUnitReportReporter -->
<testsuite hostname="DESKTOP-UKH5HD9" failures="0" tests="5" name="tests.AppointmentCovidTestcase" time="411.532" errors="0" timestamp="2024-01-05T13:47:40 IST" skipped="0">
  <testcase classname="tests.AppointmentCovidTestcase" name="treatmentStageComplete" time="83.090"/>
  <testcase classname="tests.AppointmentCovidTestcase" name="followUp" time="141.965"/>
  <testcase classname="tests.AppointmentCovidTestcase" name="convertingGreenToRedFlag" time="118.599"/>
  <testcase classname="tests.AppointmentCovidTestcase" name="reTreatRedCovidPatient" time="56.140"/>
  <testcase classname="tests.AppointmentCovidTestcase" name="appointmentRedCovidPatient" time="11.738"/>
</testsuite> <!-- tests.AppointmentCovidTestcase -->
