<?xml version="1.0" encoding="UTF-8"?>
<!-- Generated by org.testng.reporters.JUnitReportReporter -->
<testsuite hostname="MSI" failures="0" tests="1" name="tests.LabWorkOrderListingTestCase2" time="106.412" errors="0" timestamp="11 Jan 2024 12:47:18 GMT" skipped="0">
  <testcase classname="tests.LabWorkOrderListingTestCase2" name="checkByArchRelatedScenario" time="106.412"/>
</testsuite> <!-- tests.LabWorkOrderListingTestCase2 -->
