<?xml version="1.0" encoding="UTF-8"?>
<!-- Generated by org.testng.reporters.JUnitReportReporter -->
<testsuite hostname="MSI" failures="0" tests="1" name="tests.EventTestCase" time="22.067" errors="0" timestamp="18 Jan 2024 10:25:35 GMT" skipped="0">
  <testcase classname="tests.EventTestCase" name="verifyResetBtnOnEventListing" time="22.067"/>
</testsuite> <!-- tests.EventTestCase -->
