<?xml version="1.0" encoding="UTF-8"?>
<!-- Generated by org.testng.reporters.JUnitReportReporter -->
<testsuite hostname="DESKTOP-UKH5HD9" failures="0" tests="1" name="tests.InvoiceListingTestCase" time="103.044" errors="0" timestamp="2024-01-09T12:46:03 IST" skipped="0">
  <testcase classname="tests.InvoiceListingTestCase" name="createAndPayInvoice" time="103.044"/>
</testsuite> <!-- tests.InvoiceListingTestCase -->
