<?xml version="1.0" encoding="UTF-8"?>
<!-- Generated by org.testng.reporters.JUnitReportReporter -->
<testsuite hostname="DESKTOP-UKH5HD9" failures="0" tests="1" name="tests.AppointmentCovidTestcase" time="14.799" errors="0" timestamp="2024-01-04T11:39:31 IST" skipped="0">
  <testcase classname="tests.AppointmentCovidTestcase" name="appointmentRedCovidPatient" time="14.799"/>
</testsuite> <!-- tests.AppointmentCovidTestcase -->
