<?xml version="1.0" encoding="UTF-8"?>
<!-- Generated by org.testng.reporters.JUnitReportReporter -->
<testsuite hostname="MSI" failures="0" tests="1" name="tests.PatientRegistrationTestCase" time="48.964" errors="0" timestamp="29 Dec 2023 06:42:30 GMT" skipped="0">
  <testcase classname="tests.PatientRegistrationTestCase" name="createNewPatient" time="48.964"/>
</testsuite> <!-- tests.PatientRegistrationTestCase -->
