<?xml version="1.0" encoding="UTF-8"?>
<!-- Generated by org.testng.reporters.JUnitReportReporter -->
<testsuite hostname="MSI" failures="0" tests="1" name="tests.OralExamsTestCase" time="84.867" errors="0" timestamp="11 Jan 2024 14:54:47 GMT" skipped="0">
  <testcase classname="tests.OralExamsTestCase" name="oralExamEditInputList" time="84.867"/>
</testsuite> <!-- tests.OralExamsTestCase -->
