<?xml version="1.0" encoding="UTF-8"?>
<!-- Generated by org.testng.reporters.JUnitReportReporter -->
<testsuite hostname="DESKTOP-UKH5HD9" failures="0" tests="1" name="tests.ChiefComplaintTestCase" time="225.712" errors="0" timestamp="2024-01-09T16:38:12 IST" skipped="0">
  <testcase classname="tests.ChiefComplaintTestCase" name="VerifyDeleteBTnCCAddPage" time="225.712"/>
</testsuite> <!-- tests.ChiefComplaintTestCase -->
