<?xml version="1.0" encoding="UTF-8"?>
<!-- Generated by org.testng.reporters.JUnitReportReporter -->
<testsuite hostname="DESKTOP-UKH5HD9" failures="0" tests="1" name="tests.PrescriptionTestCase" time="359.174" errors="0" timestamp="2024-01-12T13:32:40 IST" skipped="0">
  <testcase classname="tests.PrescriptionTestCase" name="validationMsgAddPrescriptionPage" time="359.174"/>
</testsuite> <!-- tests.PrescriptionTestCase -->
