<?xml version="1.0" encoding="UTF-8"?>
<!-- Generated by org.testng.reporters.JUnitReportReporter -->
<testsuite hostname="MSI" failures="0" tests="1" name="tests.TestScript" time="0.003" errors="0" timestamp="07 Dec 2023 18:49:08 GMT" skipped="0">
  <testcase classname="tests.TestScript" name="test" time="0.003"/>
</testsuite> <!-- tests.TestScript -->
