<?xml version="1.0" encoding="UTF-8"?>
<!-- Generated by org.testng.reporters.JUnitReportReporter -->
<testsuite hostname="DESKTOP-UKH5HD9" failures="0" tests="2" name="tests.MiscellaneousCallTestCase" time="111.891" errors="0" timestamp="2024-01-08T12:53:10 IST" skipped="0">
  <testcase classname="tests.MiscellaneousCallTestCase" name="verifyNameMobileSearchFilter" time="97.114"/>
  <testcase classname="tests.MiscellaneousCallTestCase" name="verifyDateFilter" time="14.777"/>
</testsuite> <!-- tests.MiscellaneousCallTestCase -->
